  [1m[36m (554.2ms)[0m  [1mCREATE TABLE "schema_migrations" ("version" varchar NOT NULL) [0m
  [1m[35m (0.2ms)[0m  select sqlite_version(*)
  [1m[36m (167.5ms)[0m  [1mCREATE UNIQUE INDEX "unique_schema_migrations" ON "schema_migrations" ("version")[0m
  [1m[35mActiveRecord::SchemaMigration Load (0.3ms)[0m  SELECT "schema_migrations".* FROM "schema_migrations"
  [1m[36m (0.3ms)[0m  [1mSELECT version FROM "schema_migrations"[0m
  [1m[35m (215.4ms)[0m  INSERT INTO "schema_migrations" (version) VALUES ('0')
  [1m[36m (345.0ms)[0m  [1mCREATE TABLE "schema_migrations" ("version" varchar NOT NULL) [0m
  [1m[35m (0.2ms)[0m  select sqlite_version(*)
  [1m[36m (162.5ms)[0m  [1mCREATE UNIQUE INDEX "unique_schema_migrations" ON "schema_migrations" ("version")[0m
  [1m[35m (0.3ms)[0m  SELECT version FROM "schema_migrations"
  [1m[36m (165.4ms)[0m  [1mINSERT INTO "schema_migrations" (version) VALUES ('0')[0m
  [1m[35mActiveRecord::SchemaMigration Load (0.3ms)[0m  SELECT "schema_migrations".* FROM "schema_migrations"


Started GET "/" for 127.0.0.1 at 2016-01-27 11:45:51 +0200
Processing by Rails::WelcomeController#index as HTML
  Rendered /home/alik/.rvm/gems/ruby-2.2.2/gems/railties-4.2.0/lib/rails/templates/rails/welcome/index.html.erb (6.1ms)
Completed 200 OK in 211ms (Views: 106.9ms | ActiveRecord: 0.0ms)
  [1m[36mActiveRecord::SchemaMigration Load (0.3ms)[0m  [1mSELECT "schema_migrations".* FROM "schema_migrations"[0m
Migrating to CreateQueries (20160127095524)
  [1m[35m (0.4ms)[0m  begin transaction
  [1m[36m (1.0ms)[0m  [1mCREATE TABLE "queries" ("id" INTEGER PRIMARY KEY AUTOINCREMENT NOT NULL, "product_id" integer, "search_text" varchar, "created_at" datetime NOT NULL, "updated_at" datetime NOT NULL) [0m
  [1m[35m (0.2ms)[0m  select sqlite_version(*)
  [1m[36m (0.4ms)[0m  [1mCREATE  INDEX "index_queries_on_product_id" ON "queries" ("product_id")[0m
  [1m[35mSQL (0.5ms)[0m  INSERT INTO "schema_migrations" ("version") VALUES (?)  [["version", "20160127095524"]]
  [1m[36m (88.1ms)[0m  [1mcommit transaction[0m
  [1m[35mActiveRecord::SchemaMigration Load (0.3ms)[0m  SELECT "schema_migrations".* FROM "schema_migrations"
  [1m[36m (0.9ms)[0m  [1m            SELECT sql
            FROM sqlite_master
            WHERE name='index_queries_on_product_id' AND type='index'
            UNION ALL
            SELECT sql
            FROM sqlite_temp_master
            WHERE name='index_queries_on_product_id' AND type='index'
[0m
  [1m[36mActiveRecord::SchemaMigration Load (0.3ms)[0m  [1mSELECT "schema_migrations".* FROM "schema_migrations"[0m
  [1m[35mActiveRecord::SchemaMigration Load (0.2ms)[0m  SELECT "schema_migrations".* FROM "schema_migrations"
Migrating to CreateQueries (20160127095524)
  [1m[36m (0.2ms)[0m  [1mbegin transaction[0m
  [1m[35m (0.8ms)[0m  DROP TABLE "queries"
  [1m[36mSQL (1.0ms)[0m  [1mDELETE FROM "schema_migrations" WHERE "schema_migrations"."version" = ?[0m  [["version", "20160127095524"]]
  [1m[35m (272.5ms)[0m  commit transaction
  [1m[36mActiveRecord::SchemaMigration Load (0.3ms)[0m  [1mSELECT "schema_migrations".* FROM "schema_migrations"[0m


Started GET "/" for 127.0.0.1 at 2016-01-27 12:08:37 +0200
  [1m[36mActiveRecord::SchemaMigration Load (0.3ms)[0m  [1mSELECT "schema_migrations".* FROM "schema_migrations"[0m

ActiveRecord::PendingMigrationError (

Migrations are pending. To resolve this issue, run:

	bin/rake db:migrate RAILS_ENV=development

):
  activerecord (4.2.0) lib/active_record/migration.rb:393:in `check_pending!'
  activerecord (4.2.0) lib/active_record/migration.rb:374:in `call'
  actionpack (4.2.0) lib/action_dispatch/middleware/callbacks.rb:29:in `block in call'
  activesupport (4.2.0) lib/active_support/callbacks.rb:88:in `call'
  activesupport (4.2.0) lib/active_support/callbacks.rb:88:in `_run_callbacks'
  activesupport (4.2.0) lib/active_support/callbacks.rb:734:in `_run_call_callbacks'
  activesupport (4.2.0) lib/active_support/callbacks.rb:81:in `run_callbacks'
  actionpack (4.2.0) lib/action_dispatch/middleware/callbacks.rb:27:in `call'
  actionpack (4.2.0) lib/action_dispatch/middleware/reloader.rb:73:in `call'
  actionpack (4.2.0) lib/action_dispatch/middleware/remote_ip.rb:78:in `call'
  actionpack (4.2.0) lib/action_dispatch/middleware/debug_exceptions.rb:17:in `call'
  web-console (2.2.1) lib/web_console/middleware.rb:39:in `call'
  actionpack (4.2.0) lib/action_dispatch/middleware/show_exceptions.rb:30:in `call'
  railties (4.2.0) lib/rails/rack/logger.rb:38:in `call_app'
  railties (4.2.0) lib/rails/rack/logger.rb:20:in `block in call'
  activesupport (4.2.0) lib/active_support/tagged_logging.rb:68:in `block in tagged'
  activesupport (4.2.0) lib/active_support/tagged_logging.rb:26:in `tagged'
  activesupport (4.2.0) lib/active_support/tagged_logging.rb:68:in `tagged'
  railties (4.2.0) lib/rails/rack/logger.rb:20:in `call'
  actionpack (4.2.0) lib/action_dispatch/middleware/request_id.rb:21:in `call'
  rack (1.6.4) lib/rack/methodoverride.rb:22:in `call'
  rack (1.6.4) lib/rack/runtime.rb:18:in `call'
  activesupport (4.2.0) lib/active_support/cache/strategy/local_cache_middleware.rb:28:in `call'
  rack (1.6.4) lib/rack/lock.rb:17:in `call'
  actionpack (4.2.0) lib/action_dispatch/middleware/static.rb:113:in `call'
  rack (1.6.4) lib/rack/sendfile.rb:113:in `call'
  railties (4.2.0) lib/rails/engine.rb:518:in `call'
  railties (4.2.0) lib/rails/application.rb:164:in `call'
  rack (1.6.4) lib/rack/lock.rb:17:in `call'
  rack (1.6.4) lib/rack/content_length.rb:15:in `call'
  rack (1.6.4) lib/rack/handler/webrick.rb:88:in `service'
  /home/alik/.rvm/rubies/ruby-2.2.2/lib/ruby/2.2.0/webrick/httpserver.rb:138:in `service'
  /home/alik/.rvm/rubies/ruby-2.2.2/lib/ruby/2.2.0/webrick/httpserver.rb:94:in `run'
  /home/alik/.rvm/rubies/ruby-2.2.2/lib/ruby/2.2.0/webrick/server.rb:294:in `block in start_thread'


  Rendered /home/alik/.rvm/gems/ruby-2.2.2/gems/actionpack-4.2.0/lib/action_dispatch/middleware/templates/rescues/_source.erb (8.6ms)
  Rendered /home/alik/.rvm/gems/ruby-2.2.2/gems/actionpack-4.2.0/lib/action_dispatch/middleware/templates/rescues/_trace.html.erb (6.4ms)
  Rendered /home/alik/.rvm/gems/ruby-2.2.2/gems/actionpack-4.2.0/lib/action_dispatch/middleware/templates/rescues/_request_and_response.html.erb (2.0ms)
  Rendered /home/alik/.rvm/gems/ruby-2.2.2/gems/actionpack-4.2.0/lib/action_dispatch/middleware/templates/rescues/diagnostics.html.erb within rescues/layout (55.7ms)
  Rendered /home/alik/.rvm/gems/ruby-2.2.2/gems/web-console-2.2.1/lib/web_console/templates/_markup.html.erb (1.1ms)
  Rendered /home/alik/.rvm/gems/ruby-2.2.2/gems/web-console-2.2.1/lib/web_console/templates/_inner_console_markup.html.erb within layouts/inlined_string (0.7ms)
  Rendered /home/alik/.rvm/gems/ruby-2.2.2/gems/web-console-2.2.1/lib/web_console/templates/_prompt_box_markup.html.erb within layouts/inlined_string (0.8ms)
  Rendered /home/alik/.rvm/gems/ruby-2.2.2/gems/web-console-2.2.1/lib/web_console/templates/style.css.erb within layouts/inlined_string (0.7ms)
  Rendered /home/alik/.rvm/gems/ruby-2.2.2/gems/web-console-2.2.1/lib/web_console/templates/console.js.erb within layouts/javascript (35.5ms)
  Rendered /home/alik/.rvm/gems/ruby-2.2.2/gems/web-console-2.2.1/lib/web_console/templates/main.js.erb within layouts/javascript (0.6ms)
  Rendered /home/alik/.rvm/gems/ruby-2.2.2/gems/web-console-2.2.1/lib/web_console/templates/error_page.js.erb within layouts/javascript (0.8ms)
  Rendered /home/alik/.rvm/gems/ruby-2.2.2/gems/web-console-2.2.1/lib/web_console/templates/index.html.erb (81.6ms)
  [1m[36m (83.7ms)[0m  [1mCREATE TABLE "schema_migrations" ("version" varchar NOT NULL) [0m
  [1m[35m (0.2ms)[0m  select sqlite_version(*)
  [1m[36m (74.4ms)[0m  [1mCREATE UNIQUE INDEX "unique_schema_migrations" ON "schema_migrations" ("version")[0m
  [1m[35mActiveRecord::SchemaMigration Load (0.2ms)[0m  SELECT "schema_migrations".* FROM "schema_migrations"
Migrating to CreateUserQueries (20160127100725)
  [1m[36m (0.2ms)[0m  [1mbegin transaction[0m
  [1m[35m (0.8ms)[0m  CREATE TABLE "user_queries" ("id" INTEGER PRIMARY KEY AUTOINCREMENT NOT NULL, "product_id" integer, "search_text" varchar, "created_at" datetime NOT NULL, "updated_at" datetime NOT NULL) 
  [1m[36m (0.4ms)[0m  [1mCREATE  INDEX "index_user_queries_on_product_id" ON "user_queries" ("product_id")[0m
  [1m[35mSQL (0.4ms)[0m  INSERT INTO "schema_migrations" ("version") VALUES (?)  [["version", "20160127100725"]]
  [1m[36m (76.2ms)[0m  [1mcommit transaction[0m
  [1m[35mActiveRecord::SchemaMigration Load (0.2ms)[0m  SELECT "schema_migrations".* FROM "schema_migrations"
  [1m[36m (0.4ms)[0m  [1m            SELECT sql
            FROM sqlite_master
            WHERE name='index_user_queries_on_product_id' AND type='index'
            UNION ALL
            SELECT sql
            FROM sqlite_temp_master
            WHERE name='index_user_queries_on_product_id' AND type='index'
[0m
  [1m[36m (84.2ms)[0m  [1mDROP TABLE "user_queries"[0m
  [1m[35m (49.6ms)[0m  CREATE TABLE "user_queries" ("id" INTEGER PRIMARY KEY AUTOINCREMENT NOT NULL, "product_id" integer, "search_text" varchar, "created_at" datetime NOT NULL, "updated_at" datetime NOT NULL) 
  [1m[36m (0.2ms)[0m  [1mselect sqlite_version(*)[0m
  [1m[35m (44.1ms)[0m  CREATE  INDEX "index_user_queries_on_product_id" ON "user_queries" ("product_id")
  [1m[36m (0.3ms)[0m  [1mSELECT version FROM "schema_migrations"[0m
  [1m[35m (66.5ms)[0m  CREATE TABLE "user_queries" ("id" INTEGER PRIMARY KEY AUTOINCREMENT NOT NULL, "product_id" integer, "search_text" varchar, "created_at" datetime NOT NULL, "updated_at" datetime NOT NULL) 
  [1m[36m (0.2ms)[0m  [1mselect sqlite_version(*)[0m
  [1m[35m (64.1ms)[0m  CREATE  INDEX "index_user_queries_on_product_id" ON "user_queries" ("product_id")
  [1m[36m (82.9ms)[0m  [1mCREATE TABLE "schema_migrations" ("version" varchar NOT NULL) [0m
  [1m[35m (83.4ms)[0m  CREATE UNIQUE INDEX "unique_schema_migrations" ON "schema_migrations" ("version")
  [1m[36m (0.3ms)[0m  [1mSELECT version FROM "schema_migrations"[0m
  [1m[35m (58.7ms)[0m  INSERT INTO "schema_migrations" (version) VALUES ('20160127100725')
  [1m[36mActiveRecord::SchemaMigration Load (0.2ms)[0m  [1mSELECT "schema_migrations".* FROM "schema_migrations"[0m


Started GET "/" for 127.0.0.1 at 2016-01-27 12:09:31 +0200
  [1m[35mActiveRecord::SchemaMigration Load (0.4ms)[0m  SELECT "schema_migrations".* FROM "schema_migrations"
Processing by UserQueriesController#new as HTML
  Rendered user_queries/_form.html.haml (152.3ms)
  Rendered user_queries/new.html.haml within layouts/application (157.8ms)
Completed 200 OK in 1345ms (Views: 1255.1ms | ActiveRecord: 1.0ms)


Started GET "/assets/scaffolds.self-b1be8126e728c8b215820da2f8c4dec587b925799af2e13c4f74165a295a9cc8.css?body=1" for 127.0.0.1 at 2016-01-27 12:09:33 +0200


Started GET "/assets/user_queries.self-e3b0c44298fc1c149afbf4c8996fb92427ae41e4649b934ca495991b7852b855.css?body=1" for 127.0.0.1 at 2016-01-27 12:09:33 +0200


Started GET "/assets/jquery_ujs.self-d456baa54c1fa6be2ec3711f0a72ddf7a5b2f34a6b4f515f33767d6207b7d4b3.js?body=1" for 127.0.0.1 at 2016-01-27 12:09:33 +0200


Started GET "/assets/application.self-e80e8f2318043e8af94dddc2adad5a4f09739a8ebb323b3ab31cd71d45fd9113.css?body=1" for 127.0.0.1 at 2016-01-27 12:09:33 +0200


Started GET "/assets/turbolinks.self-c37727e9bd6b2735da5c311aa83fead54ed0be6cc8bd9a65309e9c5abe2cbfff.js?body=1" for 127.0.0.1 at 2016-01-27 12:09:33 +0200


Started GET "/assets/jquery.self-a714331225dda820228db323939889f149aec0127aeb06255646b616ba1ca419.js?body=1" for 127.0.0.1 at 2016-01-27 12:09:33 +0200


Started GET "/assets/user_queries.self-877aef30ae1b040ab8a3aba4e3e309a11d7f2612f44dde450b5c157aa5f95c05.js?body=1" for 127.0.0.1 at 2016-01-27 12:09:33 +0200


Started GET "/assets/application.self-3a3c8b61bda630ee689740ce7cbd0dd8ea6fdd45e2c42eef4661ab38cf268afe.js?body=1" for 127.0.0.1 at 2016-01-27 12:09:33 +0200


Started POST "/user_queries" for 127.0.0.1 at 2016-01-27 12:09:58 +0200
Processing by UserQueriesController#create as HTML
  Parameters: {"utf8"=>"✓", "authenticity_token"=>"imEPUCgbmSxFmuKmZAqgUSmMlr8TP7wiSTlrc/GG9nYtlzmmSKswAdVkhMxUttRaIuM52QYhgW4IVppbz/bNxg==", "user_query"=>{"product"=>"45863472", "search_text"=>"glitches"}, "commit"=>"Save"}
Unpermitted parameter: product
  [1m[36m (0.2ms)[0m  [1mbegin transaction[0m
  [1m[35mSQL (0.7ms)[0m  INSERT INTO "user_queries" ("search_text", "created_at", "updated_at") VALUES (?, ?, ?)  [["search_text", "glitches"], ["created_at", "2016-01-27 10:09:58.818412"], ["updated_at", "2016-01-27 10:09:58.818412"]]
  [1m[36m (68.8ms)[0m  [1mcommit transaction[0m
Redirected to http://localhost:3000/user_queries/1
Completed 302 Found in 89ms (ActiveRecord: 69.6ms)


Started GET "/user_queries/1" for 127.0.0.1 at 2016-01-27 12:09:58 +0200
Processing by UserQueriesController#show as HTML
  Parameters: {"id"=>"1"}
  [1m[35mUserQuery Load (0.9ms)[0m  SELECT  "user_queries".* FROM "user_queries" WHERE "user_queries"."id" = ? LIMIT 1  [["id", 1]]
  Rendered user_queries/show.html.haml within layouts/application (27.8ms)
Completed 200 OK in 268ms (Views: 231.5ms | ActiveRecord: 0.9ms)


Started GET "/user_queries" for 127.0.0.1 at 2016-01-27 12:10:35 +0200
Processing by UserQueriesController#index as HTML
  [1m[36mUserQuery Load (0.7ms)[0m  [1mSELECT "user_queries".* FROM "user_queries"[0m
  Rendered user_queries/index.html.haml within layouts/application (29.8ms)
Completed 500 Internal Server Error in 45ms

ActionView::Template::Error (undefined method `product' for #<UserQuery:0x007f8a36295208>):
    12:   %tbody
    13:     - @user_queries.each do |user_query|
    14:       %tr
    15:         %td= user_query.product
    16:         %td= user_query.search_text
    17:         %td= link_to 'Show', user_query
    18:         %td= link_to 'Edit', edit_user_query_path(user_query)
  app/views/user_queries/index.html.haml:15:in `block in _app_views_user_queries_index_html_haml___4436805486676898919_70115793039140'
  app/views/user_queries/index.html.haml:13:in `_app_views_user_queries_index_html_haml___4436805486676898919_70115793039140'


  Rendered /home/alik/.rvm/gems/ruby-2.2.2/gems/actionpack-4.2.0/lib/action_dispatch/middleware/templates/rescues/_source.erb (16.1ms)
  Rendered /home/alik/.rvm/gems/ruby-2.2.2/gems/actionpack-4.2.0/lib/action_dispatch/middleware/templates/rescues/_trace.html.erb (7.2ms)
  Rendered /home/alik/.rvm/gems/ruby-2.2.2/gems/actionpack-4.2.0/lib/action_dispatch/middleware/templates/rescues/_request_and_response.html.erb (2.0ms)
  Rendered /home/alik/.rvm/gems/ruby-2.2.2/gems/actionpack-4.2.0/lib/action_dispatch/middleware/templates/rescues/template_error.html.erb within rescues/layout (53.0ms)
  Rendered /home/alik/.rvm/gems/ruby-2.2.2/gems/web-console-2.2.1/lib/web_console/templates/_markup.html.erb (0.8ms)
  Rendered /home/alik/.rvm/gems/ruby-2.2.2/gems/web-console-2.2.1/lib/web_console/templates/_inner_console_markup.html.erb within layouts/inlined_string (0.8ms)
  Rendered /home/alik/.rvm/gems/ruby-2.2.2/gems/web-console-2.2.1/lib/web_console/templates/_prompt_box_markup.html.erb within layouts/inlined_string (0.7ms)
  Rendered /home/alik/.rvm/gems/ruby-2.2.2/gems/web-console-2.2.1/lib/web_console/templates/style.css.erb within layouts/inlined_string (0.8ms)
  Rendered /home/alik/.rvm/gems/ruby-2.2.2/gems/web-console-2.2.1/lib/web_console/templates/console.js.erb within layouts/javascript (33.5ms)
  Rendered /home/alik/.rvm/gems/ruby-2.2.2/gems/web-console-2.2.1/lib/web_console/templates/main.js.erb within layouts/javascript (0.6ms)
  Rendered /home/alik/.rvm/gems/ruby-2.2.2/gems/web-console-2.2.1/lib/web_console/templates/error_page.js.erb within layouts/javascript (0.9ms)
  Rendered /home/alik/.rvm/gems/ruby-2.2.2/gems/web-console-2.2.1/lib/web_console/templates/index.html.erb (69.1ms)


Started GET "/user_queries" for 127.0.0.1 at 2016-01-27 12:10:36 +0200
Processing by UserQueriesController#index as HTML
  [1m[35mUserQuery Load (0.9ms)[0m  SELECT "user_queries".* FROM "user_queries"
  Rendered user_queries/index.html.haml within layouts/application (14.6ms)
Completed 500 Internal Server Error in 22ms

ActionView::Template::Error (undefined method `product' for #<UserQuery:0x007f8a35d68320>):
    12:   %tbody
    13:     - @user_queries.each do |user_query|
    14:       %tr
    15:         %td= user_query.product
    16:         %td= user_query.search_text
    17:         %td= link_to 'Show', user_query
    18:         %td= link_to 'Edit', edit_user_query_path(user_query)
  app/views/user_queries/index.html.haml:15:in `block in _app_views_user_queries_index_html_haml___4436805486676898919_70115793660800'
  app/views/user_queries/index.html.haml:13:in `_app_views_user_queries_index_html_haml___4436805486676898919_70115793660800'


  Rendered /home/alik/.rvm/gems/ruby-2.2.2/gems/actionpack-4.2.0/lib/action_dispatch/middleware/templates/rescues/_source.erb (27.3ms)
  Rendered /home/alik/.rvm/gems/ruby-2.2.2/gems/actionpack-4.2.0/lib/action_dispatch/middleware/templates/rescues/_trace.html.erb (8.6ms)
  Rendered /home/alik/.rvm/gems/ruby-2.2.2/gems/actionpack-4.2.0/lib/action_dispatch/middleware/templates/rescues/_request_and_response.html.erb (2.5ms)
  Rendered /home/alik/.rvm/gems/ruby-2.2.2/gems/actionpack-4.2.0/lib/action_dispatch/middleware/templates/rescues/template_error.html.erb within rescues/layout (73.8ms)
  Rendered /home/alik/.rvm/gems/ruby-2.2.2/gems/web-console-2.2.1/lib/web_console/templates/_markup.html.erb (1.0ms)
  Rendered /home/alik/.rvm/gems/ruby-2.2.2/gems/web-console-2.2.1/lib/web_console/templates/_inner_console_markup.html.erb within layouts/inlined_string (0.9ms)
  Rendered /home/alik/.rvm/gems/ruby-2.2.2/gems/web-console-2.2.1/lib/web_console/templates/_prompt_box_markup.html.erb within layouts/inlined_string (1.1ms)
  Rendered /home/alik/.rvm/gems/ruby-2.2.2/gems/web-console-2.2.1/lib/web_console/templates/style.css.erb within layouts/inlined_string (0.7ms)
  Rendered /home/alik/.rvm/gems/ruby-2.2.2/gems/web-console-2.2.1/lib/web_console/templates/console.js.erb within layouts/javascript (45.7ms)
  Rendered /home/alik/.rvm/gems/ruby-2.2.2/gems/web-console-2.2.1/lib/web_console/templates/main.js.erb within layouts/javascript (0.9ms)
  Rendered /home/alik/.rvm/gems/ruby-2.2.2/gems/web-console-2.2.1/lib/web_console/templates/error_page.js.erb within layouts/javascript (1.1ms)
  Rendered /home/alik/.rvm/gems/ruby-2.2.2/gems/web-console-2.2.1/lib/web_console/templates/index.html.erb (89.6ms)


Started POST "/user_queries" for 127.0.0.1 at 2016-01-27 12:11:00 +0200
Processing by UserQueriesController#create as HTML
  Parameters: {"utf8"=>"✓", "authenticity_token"=>"imEPUCgbmSxFmuKmZAqgUSmMlr8TP7wiSTlrc/GG9nYtlzmmSKswAdVkhMxUttRaIuM52QYhgW4IVppbz/bNxg==", "user_query"=>{"product"=>"45863472", "search_text"=>"glitchess"}, "commit"=>"Save"}
Unpermitted parameter: product
  [1m[36m (0.4ms)[0m  [1mbegin transaction[0m
  [1m[35mSQL (1.2ms)[0m  INSERT INTO "user_queries" ("search_text", "created_at", "updated_at") VALUES (?, ?, ?)  [["search_text", "glitchess"], ["created_at", "2016-01-27 10:11:00.939183"], ["updated_at", "2016-01-27 10:11:00.939183"]]
  [1m[36m (100.5ms)[0m  [1mcommit transaction[0m
Redirected to http://localhost:3000/user_queries/2
Completed 302 Found in 112ms (ActiveRecord: 102.1ms)


Started GET "/user_queries/2" for 127.0.0.1 at 2016-01-27 12:11:01 +0200
Processing by UserQueriesController#show as HTML
  Parameters: {"id"=>"2"}
  [1m[35mUserQuery Load (0.6ms)[0m  SELECT  "user_queries".* FROM "user_queries" WHERE "user_queries"."id" = ? LIMIT 1  [["id", 2]]
  Rendered user_queries/show.html.haml within layouts/application (4.3ms)
Completed 500 Internal Server Error in 12ms

ActionView::Template::Error (undefined method `product' for #<UserQuery:0x007f8a3626b0c0>):
    2: 
    3: %p
    4:   %b Product:
    5:   = @user_query.product
    6: %p
    7:   %b Search text:
    8:   = @user_query.search_text
  app/views/user_queries/show.html.haml:5:in `_app_views_user_queries_show_html_haml__2152012723618891983_26106920'


  Rendered /home/alik/.rvm/gems/ruby-2.2.2/gems/actionpack-4.2.0/lib/action_dispatch/middleware/templates/rescues/_source.erb (20.0ms)
  Rendered /home/alik/.rvm/gems/ruby-2.2.2/gems/actionpack-4.2.0/lib/action_dispatch/middleware/templates/rescues/_trace.html.erb (8.6ms)
  Rendered /home/alik/.rvm/gems/ruby-2.2.2/gems/actionpack-4.2.0/lib/action_dispatch/middleware/templates/rescues/_request_and_response.html.erb (2.3ms)
  Rendered /home/alik/.rvm/gems/ruby-2.2.2/gems/actionpack-4.2.0/lib/action_dispatch/middleware/templates/rescues/template_error.html.erb within rescues/layout (68.6ms)
  Rendered /home/alik/.rvm/gems/ruby-2.2.2/gems/web-console-2.2.1/lib/web_console/templates/_markup.html.erb (0.9ms)
  Rendered /home/alik/.rvm/gems/ruby-2.2.2/gems/web-console-2.2.1/lib/web_console/templates/_inner_console_markup.html.erb within layouts/inlined_string (0.8ms)
  Rendered /home/alik/.rvm/gems/ruby-2.2.2/gems/web-console-2.2.1/lib/web_console/templates/_prompt_box_markup.html.erb within layouts/inlined_string (0.9ms)
  Rendered /home/alik/.rvm/gems/ruby-2.2.2/gems/web-console-2.2.1/lib/web_console/templates/style.css.erb within layouts/inlined_string (0.8ms)
  Rendered /home/alik/.rvm/gems/ruby-2.2.2/gems/web-console-2.2.1/lib/web_console/templates/console.js.erb within layouts/javascript (43.8ms)
  Rendered /home/alik/.rvm/gems/ruby-2.2.2/gems/web-console-2.2.1/lib/web_console/templates/main.js.erb within layouts/javascript (0.8ms)
  Rendered /home/alik/.rvm/gems/ruby-2.2.2/gems/web-console-2.2.1/lib/web_console/templates/error_page.js.erb within layouts/javascript (1.3ms)
  Rendered /home/alik/.rvm/gems/ruby-2.2.2/gems/web-console-2.2.1/lib/web_console/templates/index.html.erb (88.8ms)


Started GET "/user_queries/2" for 127.0.0.1 at 2016-01-27 12:11:20 +0200
Processing by UserQueriesController#show as HTML
  Parameters: {"id"=>"2"}
  [1m[36mUserQuery Load (0.5ms)[0m  [1mSELECT  "user_queries".* FROM "user_queries" WHERE "user_queries"."id" = ? LIMIT 1[0m  [["id", 2]]
  Rendered user_queries/show.html.haml within layouts/application (8.3ms)
Completed 200 OK in 118ms (Views: 113.6ms | ActiveRecord: 0.5ms)


Started GET "/assets/user_queries.self-e3b0c44298fc1c149afbf4c8996fb92427ae41e4649b934ca495991b7852b855.css?body=1" for 127.0.0.1 at 2016-01-27 12:11:20 +0200


Started GET "/assets/scaffolds.self-b1be8126e728c8b215820da2f8c4dec587b925799af2e13c4f74165a295a9cc8.css?body=1" for 127.0.0.1 at 2016-01-27 12:11:20 +0200


Started GET "/assets/application.self-e80e8f2318043e8af94dddc2adad5a4f09739a8ebb323b3ab31cd71d45fd9113.css?body=1" for 127.0.0.1 at 2016-01-27 12:11:20 +0200


Started GET "/assets/jquery.self-a714331225dda820228db323939889f149aec0127aeb06255646b616ba1ca419.js?body=1" for 127.0.0.1 at 2016-01-27 12:11:20 +0200


Started GET "/assets/jquery_ujs.self-d456baa54c1fa6be2ec3711f0a72ddf7a5b2f34a6b4f515f33767d6207b7d4b3.js?body=1" for 127.0.0.1 at 2016-01-27 12:11:20 +0200


Started GET "/assets/turbolinks.self-c37727e9bd6b2735da5c311aa83fead54ed0be6cc8bd9a65309e9c5abe2cbfff.js?body=1" for 127.0.0.1 at 2016-01-27 12:11:20 +0200


Started GET "/assets/user_queries.self-877aef30ae1b040ab8a3aba4e3e309a11d7f2612f44dde450b5c157aa5f95c05.js?body=1" for 127.0.0.1 at 2016-01-27 12:11:20 +0200


Started GET "/assets/application.self-3a3c8b61bda630ee689740ce7cbd0dd8ea6fdd45e2c42eef4661ab38cf268afe.js?body=1" for 127.0.0.1 at 2016-01-27 12:11:20 +0200


Started POST "/user_queries" for 127.0.0.1 at 2016-01-27 12:12:07 +0200
Processing by UserQueriesController#create as HTML
  Parameters: {"utf8"=>"✓", "authenticity_token"=>"imEPUCgbmSxFmuKmZAqgUSmMlr8TP7wiSTlrc/GG9nYtlzmmSKswAdVkhMxUttRaIuM52QYhgW4IVppbz/bNxg==", "user_query"=>{"product"=>"45863472", "search_text"=>"feature"}, "commit"=>"Save"}
Unpermitted parameter: product
  [1m[35m (0.2ms)[0m  begin transaction
  [1m[36mSQL (0.6ms)[0m  [1mINSERT INTO "user_queries" ("search_text", "created_at", "updated_at") VALUES (?, ?, ?)[0m  [["search_text", "feature"], ["created_at", "2016-01-27 10:12:07.189697"], ["updated_at", "2016-01-27 10:12:07.189697"]]
  [1m[35m (70.4ms)[0m  commit transaction
Redirected to http://localhost:3000/user_queries/3
Completed 302 Found in 80ms (ActiveRecord: 71.2ms)


Started GET "/user_queries/3" for 127.0.0.1 at 2016-01-27 12:12:07 +0200
Processing by UserQueriesController#show as HTML
  Parameters: {"id"=>"3"}
  [1m[36mUserQuery Load (0.2ms)[0m  [1mSELECT  "user_queries".* FROM "user_queries" WHERE "user_queries"."id" = ? LIMIT 1[0m  [["id", 3]]
  Rendered user_queries/show.html.haml within layouts/application (1.8ms)
Completed 200 OK in 103ms (Views: 100.0ms | ActiveRecord: 0.2ms)


Started GET "/" for 127.0.0.1 at 2016-01-27 12:12:37 +0200
Processing by UserQueriesController#new as HTML
  Rendered user_queries/_form.html.haml (14.0ms)
  Rendered user_queries/new.html.haml within layouts/application (17.9ms)
Completed 200 OK in 126ms (Views: 125.1ms | ActiveRecord: 0.0ms)


Started GET "/assets/scaffolds.self-b1be8126e728c8b215820da2f8c4dec587b925799af2e13c4f74165a295a9cc8.css?body=1" for 127.0.0.1 at 2016-01-27 12:12:37 +0200


Started GET "/assets/application.self-e80e8f2318043e8af94dddc2adad5a4f09739a8ebb323b3ab31cd71d45fd9113.css?body=1" for 127.0.0.1 at 2016-01-27 12:12:37 +0200


Started GET "/assets/user_queries.self-e3b0c44298fc1c149afbf4c8996fb92427ae41e4649b934ca495991b7852b855.css?body=1" for 127.0.0.1 at 2016-01-27 12:12:37 +0200


Started GET "/assets/jquery_ujs.self-d456baa54c1fa6be2ec3711f0a72ddf7a5b2f34a6b4f515f33767d6207b7d4b3.js?body=1" for 127.0.0.1 at 2016-01-27 12:12:37 +0200


Started GET "/assets/turbolinks.self-c37727e9bd6b2735da5c311aa83fead54ed0be6cc8bd9a65309e9c5abe2cbfff.js?body=1" for 127.0.0.1 at 2016-01-27 12:12:37 +0200


Started GET "/assets/jquery.self-a714331225dda820228db323939889f149aec0127aeb06255646b616ba1ca419.js?body=1" for 127.0.0.1 at 2016-01-27 12:12:37 +0200


Started GET "/assets/user_queries.self-877aef30ae1b040ab8a3aba4e3e309a11d7f2612f44dde450b5c157aa5f95c05.js?body=1" for 127.0.0.1 at 2016-01-27 12:12:37 +0200


Started GET "/assets/application.self-3a3c8b61bda630ee689740ce7cbd0dd8ea6fdd45e2c42eef4661ab38cf268afe.js?body=1" for 127.0.0.1 at 2016-01-27 12:12:37 +0200


Started GET "/" for 127.0.0.1 at 2016-01-27 12:12:40 +0200
Processing by UserQueriesController#new as HTML
  Rendered user_queries/_form.html.haml (5.8ms)
  Rendered user_queries/new.html.haml within layouts/application (9.3ms)
Completed 200 OK in 122ms (Views: 111.6ms | ActiveRecord: 0.0ms)


Started GET "/assets/scaffolds.self-b1be8126e728c8b215820da2f8c4dec587b925799af2e13c4f74165a295a9cc8.css?body=1" for 127.0.0.1 at 2016-01-27 12:12:40 +0200


Started GET "/assets/user_queries.self-e3b0c44298fc1c149afbf4c8996fb92427ae41e4649b934ca495991b7852b855.css?body=1" for 127.0.0.1 at 2016-01-27 12:12:40 +0200


Started GET "/assets/application.self-e80e8f2318043e8af94dddc2adad5a4f09739a8ebb323b3ab31cd71d45fd9113.css?body=1" for 127.0.0.1 at 2016-01-27 12:12:40 +0200


Started GET "/assets/jquery.self-a714331225dda820228db323939889f149aec0127aeb06255646b616ba1ca419.js?body=1" for 127.0.0.1 at 2016-01-27 12:12:40 +0200


Started GET "/assets/turbolinks.self-c37727e9bd6b2735da5c311aa83fead54ed0be6cc8bd9a65309e9c5abe2cbfff.js?body=1" for 127.0.0.1 at 2016-01-27 12:12:40 +0200


Started GET "/assets/user_queries.self-877aef30ae1b040ab8a3aba4e3e309a11d7f2612f44dde450b5c157aa5f95c05.js?body=1" for 127.0.0.1 at 2016-01-27 12:12:40 +0200


Started GET "/assets/application.self-3a3c8b61bda630ee689740ce7cbd0dd8ea6fdd45e2c42eef4661ab38cf268afe.js?body=1" for 127.0.0.1 at 2016-01-27 12:12:40 +0200


Started GET "/assets/jquery_ujs.self-d456baa54c1fa6be2ec3711f0a72ddf7a5b2f34a6b4f515f33767d6207b7d4b3.js?body=1" for 127.0.0.1 at 2016-01-27 12:12:40 +0200


Started POST "/user_queries" for 127.0.0.1 at 2016-01-27 12:12:52 +0200
Processing by UserQueriesController#create as HTML
  Parameters: {"utf8"=>"✓", "authenticity_token"=>"etyiZmnvGoHyCfQsR4YwOb4AYeB0J9Hjt01XL2LURu/dKpSQCV+zrGL3kkZ3OkQytW/OhmE57K/2IqYHXKR9Xw==", "user_query"=>{"product_id"=>"45863472", "search_text"=>"press"}, "commit"=>"Save"}
  [1m[35m (0.2ms)[0m  begin transaction
  [1m[36mSQL (1.4ms)[0m  [1mINSERT INTO "user_queries" ("product_id", "search_text", "created_at", "updated_at") VALUES (?, ?, ?, ?)[0m  [["product_id", 45863472], ["search_text", "press"], ["created_at", "2016-01-27 10:12:52.623927"], ["updated_at", "2016-01-27 10:12:52.623927"]]
  [1m[35m (50.7ms)[0m  commit transaction
Redirected to http://localhost:3000/user_queries/4
Completed 302 Found in 63ms (ActiveRecord: 52.4ms)


Started GET "/user_queries/4" for 127.0.0.1 at 2016-01-27 12:12:52 +0200
Processing by UserQueriesController#show as HTML
  Parameters: {"id"=>"4"}
  [1m[36mUserQuery Load (0.3ms)[0m  [1mSELECT  "user_queries".* FROM "user_queries" WHERE "user_queries"."id" = ? LIMIT 1[0m  [["id", 4]]
  Rendered user_queries/show.html.haml within layouts/application (1.6ms)
Completed 200 OK in 84ms (Views: 81.6ms | ActiveRecord: 0.3ms)
